%!Adobe-FontList 1.14
%Locale:0x422

%BeginFont
Handler:DirectoryHandler
FontType:Invalid
OutlineFileName:C:\Users\карсар\Desktop\portal_ui\Font\picture.eot
FileModTime:1445953996
%EndFont

%BeginFont
Handler:DirectoryHandler
FontType:Invalid
OutlineFileName:C:\Users\карсар\Desktop\portal_ui\Font\picture.svg
FileModTime:1445953996
%EndFont

%BeginFont
Handler:DirectoryHandler
FontType:TrueType
FontName:picture
FamilyName:picture
StyleName:Regular
FullName:picture
MenuName:picture
StyleBits:0
WritingScript:Roman
OutlineFileName:C:\Users\карсар\Desktop\portal_ui\Font\picture.ttf
DataFormat:sfntData
FileLength:6476
FileModTime:1445953996
WeightClass:400
WidthClass:5
AngleClass:0
%EndFont

%BeginFont
Handler:DirectoryHandler
FontType:Invalid
OutlineFileName:C:\Users\карсар\Desktop\portal_ui\Font\picture.woff
FileModTime:1445953996
%EndFont

